<?xml version="1.0" encoding="UTF-8"?>
<!-- Generated by org.testng.reporters.JUnitXMLReporter -->
<testsuite ignored="0" hostname="Slomos-MacBook-Pro.local" failures="0" tests="4" name="Default test" time="83.359" errors="0" timestamp="2022-05-07T15:43:38 EDT">
  <testcase classname="test.GeneralStoreTest" name="FormPageTest" time="12.04"/>
  <testcase classname="test.GeneralStoreTest" name="ProductPageTest" time="19.692"/>
  <testcase classname="test.GeneralStoreTest" name="CheckoutPageTest" time="13.933"/>
  <testcase classname="test.GeneralStoreTest" name="WebPageTest" time="14.801"/>
</testsuite> <!-- Default test -->
