<?xml version="1.0" encoding="UTF-8"?>
<!-- Generated by org.testng.reporters.JUnitXMLReporter -->
<testsuite ignored="0" hostname="Slomos-MacBook-Pro.local" failures="0" tests="4" name="Cloud Test" time="76.535" errors="0" timestamp="2022-05-07T15:56:27 EDT">
  <testcase classname="test.GeneralStoreTestCLOUD" name="FormPageTest" time="11.54"/>
  <testcase classname="test.GeneralStoreTestCLOUD" name="ProductPageTest" time="16.821"/>
  <testcase classname="test.GeneralStoreTestCLOUD" name="CheckoutPageTest" time="10.788"/>
  <testcase classname="test.GeneralStoreTestCLOUD" name="WebPageTest" time="14.489"/>
</testsuite> <!-- Cloud Test -->
