<?xml version="1.0" encoding="UTF-8"?>
<!-- Generated by org.testng.reporters.JUnitXMLReporter -->
<testsuite ignored="0" hostname="Slomos-MacBook-Pro.local" failures="0" tests="4" name="Local Test" time="100.163" errors="0" timestamp="2022-05-07T15:56:51 EDT">
  <testcase classname="test.GeneralStoreTest" name="FormPageTest" time="9.609"/>
  <testcase classname="test.GeneralStoreTest" name="ProductPageTest" time="12.814"/>
  <testcase classname="test.GeneralStoreTest" name="CheckoutPageTest" time="9.442"/>
  <testcase classname="test.GeneralStoreTest" name="WebPageTest" time="17.863"/>
</testsuite> <!-- Local Test -->
