<?xml version="1.0" encoding="UTF-8"?>
<!-- Generated by org.testng.reporters.JUnitXMLReporter -->
<testsuite hostname="Slomos-MacBook-Pro.local" ignored="0" name="Cloud Test" tests="4" failures="0" timestamp="2022-05-08T17:00:55 EDT" time="77.04" errors="0">
  <testcase name="FormPageTest" time="11.478" classname="test.GeneralStoreTestCLOUD"/>
  <testcase name="ProductPageTest" time="16.905" classname="test.GeneralStoreTestCLOUD"/>
  <testcase name="CheckoutPageTest" time="11.782" classname="test.GeneralStoreTestCLOUD"/>
  <testcase name="WebPageTest" time="14.762" classname="test.GeneralStoreTestCLOUD"/>
</testsuite> <!-- Cloud Test -->
