<?xml version="1.0" encoding="UTF-8"?>
<!-- Generated by org.testng.reporters.JUnitXMLReporter -->
<testsuite hostname="Slomos-MacBook-Pro.local" ignored="0" name="Local Test" tests="4" failures="0" timestamp="2022-05-08T17:01:21 EDT" time="103.048" errors="0">
  <testcase name="FormPageTest" time="17.765" classname="test.GeneralStoreTest"/>
  <testcase name="ProductPageTest" time="16.584" classname="test.GeneralStoreTest"/>
  <testcase name="CheckoutPageTest" time="10.199" classname="test.GeneralStoreTest"/>
  <testcase name="WebPageTest" time="13.348" classname="test.GeneralStoreTest"/>
</testsuite> <!-- Local Test -->
